  main.cpp
main.cpp(35): warning C4101: Target: неиспользованная локальная переменная
main.cpp(75): warning C4267: аргумент: преобразование из "size_t" в "int"; возможна потеря данных
main.cpp(83): warning C4800: BOOL: принудительно задано логическое значение "true" или "false" (предупреждение о производительности)
main.cpp(141): warning C4996: 'strcpy': This function or variable may be unsafe. Consider using strcpy_s instead. To disable deprecation, use _CRT_SECURE_NO_WARNINGS. See online help for details.
  C:\Program Files (x86)\Windows Kits\10\Include\10.0.10240.0\ucrt\string.h(119): note:  см. объявление "strcpy"
main.cpp(179): warning C4267: аргумент: преобразование из "size_t" в "int"; возможна потеря данных
main.cpp(199): warning C4267: аргумент: преобразование из "size_t" в "int"; возможна потеря данных
main.cpp(219): warning C4312: приведение типов: преобразование из "int" в "PVOID" большего размера
main.cpp(202): warning C4477: "printf": в строке форматирования "%d" требуется аргумент типа "int", но вариативный аргумент "1" имеет тип "std::size_t"
  main.cpp(202): note: рекомендуется использовать "%zd" в строке форматирования
main.cpp(91): warning C4101: szTestString: неиспользованная локальная переменная
  md5cpp.cpp
md5cpp.cpp(306): warning C4267: аргумент: преобразование из "size_t" в "unsigned long"; возможна потеря данных
  Создание кода...
c:\users\arcane\documents\visual studio 2015\projects\dizel\xyak\server-master\server\main.cpp(44): warning C4700: использована неинициализированная локальная переменная "b"
  .NETFramework,Version=v4.0.AssemblyAttributes.cpp
  LINK : указан параметр /LTCG, но не требуется создание кода; удалите /LTCG из командной строки компоновки для повышения производительности компоновщика
  server.vcxproj -> C:\Users\Arcane\Documents\Visual Studio 2015\Projects\dizel\Xyak\server-master\x64\Release\server.exe
  server.vcxproj -> C:\Users\Arcane\Documents\Visual Studio 2015\Projects\dizel\Xyak\server-master\x64\Release\server.pdb (Full PDB)
